<?xml version="1.0" encoding="UTF-8"?>
<robot generator="Robot 5.0.1 (Python 3.10.4 on win32)" generated="20220711 05:01:53.521" rpa="false" schemaversion="3">
<suite id="s1" name="Compra Blazedemo" source="C:\Users\Uelton Gomes\PycharmProjects\pythonProject\133PetsRobotFramework\compra_blazedemo.robot">
<test id="s1-t1" name="Compra de Passagem" line="15">
<kw name="Open Browser" library="SeleniumLibrary" type="SETUP">
<arg>${url}</arg>
<arg>${browser}</arg>
<doc>Opens a new browser instance to the optional ``url``.</doc>
<msg timestamp="20220711 05:01:53.750" level="INFO">Opening browser 'Chrome' to base url 'https://www.blazedemo.com'.</msg>
<status status="PASS" starttime="20220711 05:01:53.750" endtime="20220711 05:01:56.560"/>
</kw>
<kw name="Dado que acesso o site blazedemo">
<kw name="Wait Until Element Is Visible" library="SeleniumLibrary">
<arg>xpath = //h1</arg>
<doc>Waits until the element ``locator`` is visible.</doc>
<status status="PASS" starttime="20220711 05:01:56.563" endtime="20220711 05:01:56.601"/>
</kw>
<status status="PASS" starttime="20220711 05:01:56.561" endtime="20220711 05:01:56.602"/>
</kw>
<kw name="Quando seleciomo a origem como &quot;São Paolo&quot;" sourcename="Quando seleciomo a origem como &quot;${origem}&quot;">
<kw name="Set Test Variable" library="BuiltIn">
<arg>${origem}</arg>
<doc>Makes a variable available everywhere within the scope of the current test.</doc>
<msg timestamp="20220711 05:01:56.603" level="INFO">${origem} = São Paolo</msg>
<status status="PASS" starttime="20220711 05:01:56.602" endtime="20220711 05:01:56.603"/>
</kw>
<kw name="Select From List By Label" library="SeleniumLibrary">
<arg>name = fromPort</arg>
<arg>${origem}</arg>
<doc>Selects options from selection list ``locator`` by ``labels``.</doc>
<msg timestamp="20220711 05:01:56.603" level="INFO">Selecting options from selection list 'name = fromPort' by label São Paolo.</msg>
<status status="PASS" starttime="20220711 05:01:56.603" endtime="20220711 05:01:56.666"/>
</kw>
<status status="PASS" starttime="20220711 05:01:56.602" endtime="20220711 05:01:56.666"/>
</kw>
<kw name="E o destino como &quot;London&quot;" sourcename="E o destino como &quot;${destino}&quot;">
<kw name="Set Test Variable" library="BuiltIn">
<arg>${destino}</arg>
<doc>Makes a variable available everywhere within the scope of the current test.</doc>
<msg timestamp="20220711 05:01:56.667" level="INFO">${destino} = London</msg>
<status status="PASS" starttime="20220711 05:01:56.667" endtime="20220711 05:01:56.667"/>
</kw>
<kw name="Select From List By Label" library="SeleniumLibrary">
<arg>name = toPort</arg>
<arg>${destino}</arg>
<doc>Selects options from selection list ``locator`` by ``labels``.</doc>
<msg timestamp="20220711 05:01:56.668" level="INFO">Selecting options from selection list 'name = toPort' by label London.</msg>
<status status="PASS" starttime="20220711 05:01:56.667" endtime="20220711 05:01:56.723"/>
</kw>
<status status="PASS" starttime="20220711 05:01:56.667" endtime="20220711 05:01:56.723"/>
</kw>
<kw name="E clico no botão Find Fligths">
<kw name="Click Button" library="SeleniumLibrary">
<arg>class = btn.btn-primary</arg>
<doc>Clicks the button identified by ``locator``.</doc>
<msg timestamp="20220711 05:01:56.724" level="INFO">Clicking button 'class = btn.btn-primary'.</msg>
<status status="PASS" starttime="20220711 05:01:56.724" endtime="20220711 05:01:57.289"/>
</kw>
<status status="PASS" starttime="20220711 05:01:56.723" endtime="20220711 05:01:57.289"/>
</kw>
<kw name="Entao exibe uma lista de voos para o trecho desejado">
<kw name="Wait Until Element Is Visible" library="SeleniumLibrary">
<arg>xpath = //h3</arg>
<arg>30000ms</arg>
<doc>Waits until the element ``locator`` is visible.</doc>
<status status="PASS" starttime="20220711 05:01:57.290" endtime="20220711 05:01:57.393"/>
</kw>
<kw name="Element Should Contain" library="SeleniumLibrary">
<arg>xpath = //h3</arg>
<arg>Flights from</arg>
<arg>${origem}</arg>
<arg>to ${destino}</arg>
<doc>Verifies that element ``locator`` contains text ``expected``.</doc>
<msg timestamp="20220711 05:01:57.411" level="INFO">Element 'xpath = //h3' contains text 'Flights from'.</msg>
<status status="PASS" starttime="20220711 05:01:57.393" endtime="20220711 05:01:57.411"/>
</kw>
<status status="PASS" starttime="20220711 05:01:57.290" endtime="20220711 05:01:57.411"/>
</kw>
<kw name="Quando seleciono o primeiro voo disponivel">
<kw name="Click Button" library="SeleniumLibrary">
<arg>class = btn.btn-small</arg>
<doc>Clicks the button identified by ``locator``.</doc>
<msg timestamp="20220711 05:01:57.412" level="INFO">Clicking button 'class = btn.btn-small'.</msg>
<status status="PASS" starttime="20220711 05:01:57.412" endtime="20220711 05:01:57.927"/>
</kw>
<status status="PASS" starttime="20220711 05:01:57.411" endtime="20220711 05:01:57.928"/>
</kw>
<kw name="E preencho o nome como &quot;Juca&quot;" sourcename="E preencho o nome como &quot;${nome}&quot;">
<kw name="Wait Until Element Is Enabled" library="SeleniumLibrary">
<arg>id = inputName</arg>
<doc>Waits until the element ``locator`` is enabled.</doc>
<status status="PASS" starttime="20220711 05:01:57.928" endtime="20220711 05:01:58.045"/>
</kw>
<kw name="Input Text" library="SeleniumLibrary">
<arg>id = inputName</arg>
<arg>${nome}</arg>
<doc>Types the given ``text`` into the text field identified by ``locator``.</doc>
<msg timestamp="20220711 05:01:58.045" level="INFO">Typing text 'Juca' into text field 'id = inputName'.</msg>
<status status="PASS" starttime="20220711 05:01:58.045" endtime="20220711 05:01:58.121"/>
</kw>
<status status="PASS" starttime="20220711 05:01:57.928" endtime="20220711 05:01:58.121"/>
</kw>
<kw name="E seleciono a bandeira como &quot;American Express&quot;" sourcename="E seleciono a bandeira como &quot;${bandeira}&quot;">
<kw name="Select From List By Label" library="SeleniumLibrary">
<arg>id = cardType</arg>
<arg>${bandeira}</arg>
<doc>Selects options from selection list ``locator`` by ``labels``.</doc>
<msg timestamp="20220711 05:01:58.122" level="INFO">Selecting options from selection list 'id = cardType' by label American Express.</msg>
<status status="PASS" starttime="20220711 05:01:58.122" endtime="20220711 05:01:58.187"/>
</kw>
<status status="PASS" starttime="20220711 05:01:58.122" endtime="20220711 05:01:58.187"/>
</kw>
<kw name="E marco a a opcao Remember">
<kw name="Select Checkbox" library="SeleniumLibrary">
<arg>id = rememberMe</arg>
<doc>Selects the checkbox identified by ``locator``.</doc>
<msg timestamp="20220711 05:01:58.188" level="INFO">Selecting checkbox 'id = rememberMe'.</msg>
<status status="PASS" starttime="20220711 05:01:58.188" endtime="20220711 05:01:58.256"/>
</kw>
<status status="PASS" starttime="20220711 05:01:58.188" endtime="20220711 05:01:58.256"/>
</kw>
<kw name="E clico em Purchase Flight">
<kw name="Click Button" library="SeleniumLibrary">
<arg>class = btn.btn-primary</arg>
<doc>Clicks the button identified by ``locator``.</doc>
<msg timestamp="20220711 05:01:58.257" level="INFO">Clicking button 'class = btn.btn-primary'.</msg>
<status status="PASS" starttime="20220711 05:01:58.257" endtime="20220711 05:01:58.914"/>
</kw>
<status status="PASS" starttime="20220711 05:01:58.257" endtime="20220711 05:01:58.914"/>
</kw>
<kw name="Entao exibe a mesangem de obrigado">
<kw name="Element Should Contain" library="SeleniumLibrary">
<arg>xpath = //h1</arg>
<arg>Thank you for your purchase today!</arg>
<doc>Verifies that element ``locator`` contains text ``expected``.</doc>
<msg timestamp="20220711 05:01:59.032" level="INFO">Element 'xpath = //h1' contains text 'Thank you for your purchase today!'.</msg>
<status status="PASS" starttime="20220711 05:01:58.923" endtime="20220711 05:01:59.032"/>
</kw>
<status status="PASS" starttime="20220711 05:01:58.922" endtime="20220711 05:01:59.032"/>
</kw>
<kw name="E o valor como &quot;555 USD&quot;" sourcename="E o valor como &quot;${preco}&quot;">
<kw name="Wait Until Element Is Visible" library="SeleniumLibrary">
<arg>xpath = //h1</arg>
<arg>500ms</arg>
<doc>Waits until the element ``locator`` is visible.</doc>
<status status="PASS" starttime="20220711 05:01:59.034" endtime="20220711 05:01:59.049"/>
</kw>
<kw name="Element Should Contain" library="SeleniumLibrary">
<arg>xpath = //tbody/tr[3]/ td[2]</arg>
<arg>${preco}</arg>
<doc>Verifies that element ``locator`` contains text ``expected``.</doc>
<msg timestamp="20220711 05:01:59.075" level="INFO">Element 'xpath = //tbody/tr[3]/ td[2]' contains text '555 USD'.</msg>
<status status="PASS" starttime="20220711 05:01:59.049" endtime="20220711 05:01:59.075"/>
</kw>
<status status="PASS" starttime="20220711 05:01:59.033" endtime="20220711 05:01:59.075"/>
</kw>
<kw name="Close Browser" library="SeleniumLibrary" type="TEARDOWN">
<doc>Closes the current browser.</doc>
<status status="PASS" starttime="20220711 05:01:59.076" endtime="20220711 05:02:01.258"/>
</kw>
<tag>Regressao</tag>
<status status="PASS" starttime="20220711 05:01:53.749" endtime="20220711 05:02:01.259"/>
</test>
<doc>Suite description</doc>
<status status="PASS" starttime="20220711 05:01:53.524" endtime="20220711 05:02:01.264"/>
</suite>
<statistics>
<total>
<stat pass="1" fail="0" skip="0">All Tests</stat>
</total>
<tag>
<stat pass="1" fail="0" skip="0">Regressao</stat>
</tag>
<suite>
<stat pass="1" fail="0" skip="0" id="s1" name="Compra Blazedemo">Compra Blazedemo</stat>
</suite>
</statistics>
<errors>
</errors>
</robot>
